[Bootstrap]
SetupTitle=Install
SetupText=Copying Files, please stand by.
CabFile=Digital libray control panel.CAB
Spawn=Setup1.exe
Uninstal=st6unst.exe
TmpDir=msftqws.pdw
Cabs=1

[Bootstrap Files]
File1=@VB6STKIT.DLL,$(WinSysPathSysFile),,,6-18-98 12:00:00 AM,102912,6.0.81.69
File2=@COMCAT.DLL,$(WinSysPathSysFile),$(DLLSelfRegister),,5-31-98 12:00:00 AM,22288,4.71.1460.1
File3=@stdole2.tlb,$(WinSysPathSysFile),$(TLBRegister),,7-14-09 5:13:53 AM,16896,6.1.7600.16385
File4=@asycfilt.dll,$(WinSysPathSysFile),,,7-14-09 6:44:54 AM,67072,6.1.7600.16385
File5=@olepro32.dll,$(WinSysPathSysFile),$(DLLSelfRegister),,7-14-09 6:46:12 AM,90112,6.1.7600.16385
File6=@oleaut32.dll,$(WinSysPathSysFile),$(DLLSelfRegister),,7-14-09 6:46:12 AM,571904,6.1.7600.16385
File7=@msvbvm60.dll,$(WinSysPathSysFile),$(DLLSelfRegister),,7-14-09 6:45:50 AM,1386496,6.0.98.15

[IconGroups]
Group0=DIGITAL LIBRARY CONTROL PANEL
PrivateGroup0=True
Parent0=$(Programs)

[DIGITAL LIBRARY CONTROL PANEL]
Icon1=""Digital libray control panel.exe""
Title1=DIGITAL LIBRARY CONTROL PANEL
StartIn1=$(AppPath)

[Setup]
Title=DIGITAL LIBRARY CONTROL PANEL
DefaultDir=$(ProgramFiles)\Project1
AppExe=Digital libray control panel.exe
AppToUninstall=Digital libray control panel.exe

[Setup1 Files]
File1=@COMDLG32.OCX,$(WinSysPath),$(DLLSelfRegister),$(Shared),6-24-98 12:00:00 AM,140096,6.0.81.69
File2=@msstdfmt.dll,$(WinSysPath),$(DLLSelfRegister),$(Shared),11-8-07 8:19:22 AM,129024,6.1.98.4
File3=@MSDATGRD.OCX,$(WinSysPath),$(DLLSelfRegister),$(Shared),6-24-98 12:00:00 AM,260920,6.0.81.69
File4=@MSADODC.OCX,$(WinSysPath),$(DLLSelfRegister),$(Shared),6-24-98 12:00:00 AM,118064,6.0.81.71
File5=@MSWORD.OLB,$(WinSysPath),,$(Shared),3-26-10 9:52:16 PM,901464,14.0.4762.1000
File6=@MSBIND.DLL,$(WinSysPath),$(DLLSelfRegister),$(Shared),6-18-98 12:00:00 AM,77824,6.0.81.69
File7=@msado20.tlb,$(WinSysPath),,$(Shared),7-14-09 5:41:59 AM,57344,6.1.7600.16385
File8=@Digital libray control panel.exe,$(AppPath),,$(Shared),10-1-16 8:55:54 PM,7901184,1.0.0.0

; The following lines may be deleted in order to obtain extra 
; space for customizing this file on a full installation diskette.
; 
; XXXXXXXXXXXXXXXXXXXXXXXXXXXXXXXXXXXXXXXXXXXXXXXXXXXXXXXXXXXX
; XXXXXXXXXXXXXXXXXXXXXXXXXXXXXXXXXXXXXXXXXXXXXXXXXXXXXXXXXXXX
; XXXXXXXXXXXXXXXXXXXXXXXXXXXXXXXXXXXXXXXXXXXXXXXXXXXXXXXXXXXX
; XXXXXXXXXXXXXXXXXXXXXXXXXXXXXXXXXXXXXXXXXXXXXXXXXXXXXXXXXXXX
; XXXXXXXXXXXXXXXXXXXXXXXXXXXXXXXXXXXXXXXXXXXXXXXXXXXXXXXXXXXX
; XXXXXXXXXXXXXXXXXXXXXXXXXXXXXXXXXXXXXXXXXXXXXXXXXXXXXXXXXXXX
; XXXXXXXXXXXXXXXXXXXXXXXXXXXXXXXXXXXXXXXXXXXXXXXXXXXXXXXXXXXX
; XXXXXXXXXXXXXXXXXXXXXXXXXXXXXXXXXXXXXXXXXXXXXXXXXXXXXXXXXXXX
; XXXXXXXXXXXXXXXXXXXXXXXXXXXXXXXXXXXXXXXXXXXXXXXXXXXXXXXXXXXX
; XXXXXXXXXXXXXXXXXXXXXXXXXXXXXXXXXXXXXXXXXXXXXXXXXXXXXXXXXXXX
; XXXXXXXXXXXXXXXXXXXXXXXXXXXXXXXXXXXXXXXXXXXXXXXXXXXXXXXXXXXX
; XXXXXXXXXXXXXXXXXXXXXXXXXXXXXXXXXXXXXXXXXXXXXXXXXXXXXXXXXXXX
; XXXXXXXXXXXXXXXXXXXXXXXXXXXXXXXXXXXXXXXXXXXXXXXXXXXXXXXXXXXX
; XXXXXXXXXXXXXXXXXXXXXXXXXXXXXXXXXXXXXXXXXXXXXXXXXXXXXXXXXXXX
; XXXXXXXXXXXXXXXXXXXXXXXXXXXXXXXXXXXXXXXXXXXXXXXXXXXXXXXXXXXX
; XXXXXXXXXXXXXXXXXXXXXXXXXXXXXXXXXXXXXXXXXXXXXXXXXXXXXXXXXXXX
; XXXXXXXXXXXXXXXXXXXXXXXXXXXXXXXXXXXXXXXXXXXXXXXXXXXXXXXXXXXX
; XXXXXXXXXXXXXXXXXXXXXXXXXXXXXXXXXXXXXXXXXXXXXXXXXXXXXXXXXXXX
; XXXXXXXXXXXXXXXXXXXXXXXXXXXXXXXXXXXXXXXXXXXXXXXXXXXXXXXXXXXX
; XXXXXXXXXXXXXXXXXXXXXXXXXXXXXXXXXXXXXXXXXXXXXXXXXXXXXXXXXXXX
; XXXXXXXXXXXXXXXXXXXXXXXXXXXXXXXXXXXXXXXXXXXXXXXXXXXXXXXXXXXX
; XXXXXXXXXXXXXXXXXXXXXXXXXXXXXXXXXXXXXXXXXXXXXXXXXXXXXXXXXXXX
; XXXXXXXXXXXXXXXXXXXXXXXXXXXXXXXXXXXXXXXXXXXXXXXXXXXXXXXXXXXX
; XXXXXXXXXXXXXXXXXXXXXXXXXXXXXXXXXXXXXXXXXXXXXXXXXXXXXXXXXXXX
; XXXXXXXXXXXXXXXXXXXXXXXXXXXXXXXXXXXXXXXXXXXXXXXXXXXXXXXXXXXX
; XXXXXXXXXXXXXXXXXXXXXXXXXXXXXXXXXXXXXXXXXXXXXXXXXXXXXXXXXXXX
; XXXXXXXXXXXXXXXXXXXXXXXXXXXXXXXXXXXXXXXXXXXXXXXXXXXXXXXXXXXX
; XXXXXXXXXXXXXXXXXXXXXXXXXXXXXXXXXXXXXXXXXXXXXXXXXXXXXXXXXXXX
; XXXXXXXXXXXXXXXXXXXXXXXXXXXXXXXXXXXXXXXXXXXXXXXXXXXXXXXXXXXX
; XXXXXXXXXXXXXXXXXXXXXXXXXXXXXXXXXXXXXXXXXXXXXXXXXXXXXXXXXXXX
; XXXXXXXXXXXXXXXXXXXXXXXXXXXXXXXXXXXXXXXXXXXXXXXXXXXXXXXXXXXX
; XXXXXXXXXXXXXXXXXXXXXXXXXXXXXXXXXXXXXXXXXXXXXXXXXXXXXXXXXXXX
; XXXXXXXXXXXXXXXXXXXXXXXXXXXXXXXXXXXXXXXXXXXXXXXXXXXXXXXXXXXX
; XXXXXXXXXXXXXXXXXXXXXXXXXXXXXXXXXXXXXXXXXXXXXXXXXXXXXXXXXXXX
; XXXXXXXXXXXXXXXXXXXXXXXXXXXXXXXXXXXXXXXXXXXXXXXXXXXXXXXXXXXX
